2026-05-09T18:51:44.275921Z f26729b9b018 New connection: 172.32.1.1:57482 (172.32.1.3:2222) [session: f26729b9b018]
2026-05-09T18:51:44.278139Z f26729b9b018 Remote SSH version: SSH-2.0-OpenSSH_10.2p1 Debian-5
2026-05-09T18:51:44.279889Z f26729b9b018 SSH client hassh fingerprint: eeca2460550b9ded084ecf2f70a75356
2026-05-09T18:51:44.328815Z f26729b9b018 Connection lost after 0.1 seconds
2026-05-09T18:52:05.889503Z 3c7617492cdc New connection: 172.32.1.1:56786 (172.32.1.3:2222) [session: 3c7617492cdc]
2026-05-09T18:52:05.890273Z 3c7617492cdc Remote SSH version: SSH-2.0-OpenSSH_10.2p1 Debian-5
2026-05-09T18:52:05.891666Z 3c7617492cdc SSH client hassh fingerprint: eeca2460550b9ded084ecf2f70a75356
2026-05-09T18:52:15.187838Z 3c7617492cdc login attempt [abdallah/abdallah] failed
2026-05-09T18:52:19.842087Z 3c7617492cdc login attempt [abdallah/abdallah123] failed
2026-05-09T18:52:23.701627Z 3c7617492cdc login attempt [abdallah/abdallah000] succeeded
2026-05-09T18:52:23.729174Z 3c7617492cdc Terminal Size: 79 21
2026-05-09T18:52:23.730004Z 3c7617492cdc request_env: COLORTERM=truecolor
2026-05-09T18:52:23.730487Z 3c7617492cdc request_env: LANG=en_US.UTF-8
2026-05-09T18:52:23.732414Z 3c7617492cdc ()
2026-05-09T18:52:24.685420Z 3c7617492cdc CMD: ls
2026-05-09T18:52:26.374032Z 3c7617492cdc CMD: cd ..
2026-05-09T18:52:26.938071Z 3c7617492cdc CMD: ls
2026-05-09T18:52:33.254143Z 3c7617492cdc CMD: cd sysadmin
2026-05-09T18:52:34.752967Z 3c7617492cdc CMD: clear
2026-05-09T18:52:35.393626Z 3c7617492cdc CMD: ls
2026-05-09T18:52:46.087808Z 3c7617492cdc CMD: cat backup.sql
2026-05-09T18:52:50.946125Z 3c7617492cdc CMD: exit
2026-05-09T18:52:50.947749Z 3c7617492cdc Closing TTY Log: var/lib/cowrie/tty/0476db083f860e407b21a98dfe88c3636e7b908e40e4cb87288e43f23e08c53e after 27.2 seconds
2026-05-09T18:52:50.949878Z 3c7617492cdc Connection lost after 45.1 seconds
2026-05-09T18:52:54.991380Z 0c916b0dd4f4 New connection: 172.32.1.1:57720 (172.32.1.3:2222) [session: 0c916b0dd4f4]
2026-05-09T18:52:54.992185Z 0c916b0dd4f4 Remote SSH version: SSH-2.0-OpenSSH_10.2p1 Debian-5
2026-05-09T18:52:54.994869Z 0c916b0dd4f4 SSH client hassh fingerprint: eeca2460550b9ded084ecf2f70a75356
2026-05-09T18:52:58.268792Z 0c916b0dd4f4 login attempt [oracle/database] succeeded
2026-05-09T18:52:58.338160Z 0c916b0dd4f4 Terminal Size: 79 21
2026-05-09T18:52:58.339020Z 0c916b0dd4f4 request_env: COLORTERM=truecolor
2026-05-09T18:52:58.339625Z 0c916b0dd4f4 request_env: LANG=en_US.UTF-8
2026-05-09T18:52:58.340662Z 0c916b0dd4f4 ()
2026-05-09T18:52:59.455583Z 0c916b0dd4f4 CMD: ls
2026-05-09T18:53:00.531458Z 0c916b0dd4f4 CMD: cd ..
2026-05-09T18:53:05.433743Z 0c916b0dd4f4 CMD: cd abdallah
2026-05-09T18:53:06.524910Z 0c916b0dd4f4 CMD: ls
2026-05-09T18:53:13.267935Z 0c916b0dd4f4 CMD: cat shadow
2026-05-09T18:53:15.513211Z 0c916b0dd4f4 CMD: exit
2026-05-09T18:53:15.515819Z 0c916b0dd4f4 Closing TTY Log: var/lib/cowrie/tty/3b03d766a4bb943633315201c4b4578e0d30c013a0dbaae63c17a562afea10cb after 17.2 seconds
2026-05-09T18:53:15.519391Z 0c916b0dd4f4 Connection lost after 20.5 seconds
2026-05-09T18:53:24.957403Z ef9fbb9aec47 New connection: 172.32.1.1:40044 (172.32.1.3:2222) [session: ef9fbb9aec47]
2026-05-09T18:53:24.958134Z ef9fbb9aec47 Remote SSH version: SSH-2.0-OpenSSH_10.2p1 Debian-5
2026-05-09T18:53:24.959526Z ef9fbb9aec47 SSH client hassh fingerprint: eeca2460550b9ded084ecf2f70a75356
2026-05-09T18:53:28.083848Z ef9fbb9aec47 login attempt [yousef/yousef123] succeeded
2026-05-09T18:53:28.177679Z ef9fbb9aec47 Terminal Size: 79 21
2026-05-09T18:53:28.178492Z ef9fbb9aec47 request_env: COLORTERM=truecolor
2026-05-09T18:53:28.179007Z ef9fbb9aec47 request_env: LANG=en_US.UTF-8
2026-05-09T18:53:28.180179Z ef9fbb9aec47 ()
2026-05-09T18:53:29.581982Z ef9fbb9aec47 CMD: ls
2026-05-09T18:53:31.559071Z ef9fbb9aec47 CMD: cd ..
2026-05-09T18:53:32.176863Z ef9fbb9aec47 CMD: ls
2026-05-09T18:53:50.357512Z ef9fbb9aec47 CMD: cd root
2026-05-09T18:53:51.231878Z ef9fbb9aec47 CMD: ls
2026-05-09T18:53:54.223371Z ef9fbb9aec47 CMD: cd scripts
2026-05-09T18:53:54.742052Z ef9fbb9aec47 CMD: ls
2026-05-09T18:54:05.212417Z ef9fbb9aec47 CMD: cat firewall-rule.sh
2026-05-09T18:54:07.174354Z ef9fbb9aec47 CMD: cd ..
2026-05-09T18:54:09.341433Z ef9fbb9aec47 CMD: whoami
2026-05-09T18:54:16.890837Z ef9fbb9aec47 CMD: ping 8.8.8.8
2026-05-09T18:54:21.526869Z ef9fbb9aec47 CMD: exit
2026-05-09T18:54:21.528433Z ef9fbb9aec47 Closing TTY Log: var/lib/cowrie/tty/49155ba7f0427bb2ac7cfd9bf31ee8c452375aa1a1c71eba39b5921e694e9ed5 after 53.3 seconds
2026-05-09T18:54:21.533359Z ef9fbb9aec47 Connection lost after 56.6 seconds
2026-05-09T18:54:31.652781Z 9dbfc98873dd New connection: 172.32.1.1:48504 (172.32.1.3:2222) [session: 9dbfc98873dd]
2026-05-09T18:54:31.653814Z 9dbfc98873dd Remote SSH version: SSH-2.0-OpenSSH_10.2p1 Debian-5
2026-05-09T18:54:31.655418Z 9dbfc98873dd SSH client hassh fingerprint: eeca2460550b9ded084ecf2f70a75356
2026-05-09T18:54:33.678591Z 9dbfc98873dd login attempt [sysadmin/admin] succeeded
2026-05-09T18:54:33.702182Z 9dbfc98873dd Terminal Size: 79 21
2026-05-09T18:54:33.703109Z 9dbfc98873dd request_env: COLORTERM=truecolor
2026-05-09T18:54:33.703704Z 9dbfc98873dd request_env: LANG=en_US.UTF-8
2026-05-09T18:54:33.704755Z 9dbfc98873dd ()
2026-05-09T18:54:34.822952Z 9dbfc98873dd CMD: ls
2026-05-09T18:54:36.835972Z 9dbfc98873dd CMD: cd ..
2026-05-09T18:54:37.420377Z 9dbfc98873dd CMD: ls
2026-05-09T18:54:42.420629Z 9dbfc98873dd CMD: cd abdallah
2026-05-09T18:54:43.004246Z 9dbfc98873dd CMD: ls
2026-05-09T18:54:48.797944Z 9dbfc98873dd CMD: cat config.php
2026-05-09T18:54:54.884858Z 9dbfc98873dd CMD: whoami
2026-05-09T18:54:59.804197Z 9dbfc98873dd CMD: users
2026-05-09T18:55:03.441573Z 9dbfc98873dd CMD: netstate
2026-05-09T18:55:03.442774Z 9dbfc98873dd Command not found: netstate
2026-05-09T18:55:05.604262Z 9dbfc98873dd CMD: netstat
2026-05-09T18:55:12.034772Z 9dbfc98873dd CMD: ifconfig
2026-05-09T18:55:13.446507Z 9dbfc98873dd CMD: exit
2026-05-09T18:55:13.448034Z 9dbfc98873dd Closing TTY Log: var/lib/cowrie/tty/babdadf7d773cff2b77080dbc26f2e1be28e3a3ac6708d46177c4a3968df1b0c after 39.7 seconds
2026-05-09T18:55:13.450466Z 9dbfc98873dd Connection lost after 41.8 seconds
2026-05-11T20:39:45.387064Z e32786e2ccd4 New connection: 172.18.0.1:41734 (172.18.0.5:2222) [session: e32786e2ccd4]
2026-05-11T20:39:45.498993Z e32786e2ccd4 Remote SSH version: SSH-2.0-OpenSSH_10.2p1 Debian-5
2026-05-11T20:39:45.743464Z e32786e2ccd4 SSH client hassh fingerprint: eeca2460550b9ded084ecf2f70a75356
2026-05-11T20:39:49.208793Z e32786e2ccd4 login attempt [raad/raad123] succeeded
2026-05-11T20:39:49.367482Z e32786e2ccd4 Terminal Size: 235 52
2026-05-11T20:39:49.371831Z e32786e2ccd4 request_env: COLORTERM=truecolor
2026-05-11T20:39:49.381902Z e32786e2ccd4 request_env: LANG=en_US.UTF-8
2026-05-11T20:39:49.449043Z e32786e2ccd4 ()
2026-05-11T20:39:54.942423Z e32786e2ccd4 CMD: ls -al
2026-05-11T20:40:08.391653Z e32786e2ccd4 CMD: ifcofing
2026-05-11T20:40:08.398167Z e32786e2ccd4 Command not found: ifcofing 
2026-05-11T20:40:23.573128Z e32786e2ccd4 CMD: ls
2026-05-11T20:40:28.271388Z e32786e2ccd4 CMD: pwd
2026-05-11T20:40:44.122607Z e32786e2ccd4 CMD: ping
2026-05-11T20:40:56.811264Z e32786e2ccd4 CMD: whoiam
2026-05-11T20:40:56.816586Z e32786e2ccd4 Command not found: whoiam 
2026-05-11T20:41:07.911018Z e32786e2ccd4 CMD: bf -h
2026-05-11T20:41:07.915860Z e32786e2ccd4 Command not found: bf -h
2026-05-11T20:41:16.230021Z e32786e2ccd4 CMD: df
2026-05-11T20:41:21.896148Z e32786e2ccd4 CMD: df -h
2026-05-11T20:41:32.963564Z e32786e2ccd4 CMD: ping google.com
2026-05-11T20:41:57.635623Z e32786e2ccd4 CMD: exit
2026-05-11T20:41:57.656611Z e32786e2ccd4 Closing TTY Log: var/lib/cowrie/tty/a2159f612355f1392d7aa684b1968cd59106d628ad6ed6907358dae50505afa8 after 128.3 seconds
2026-05-11T20:41:57.669358Z e32786e2ccd4 Connection lost after 132.2 seconds
2026-05-11T20:43:37.270097Z 903ec9566aa9 New connection: 172.18.0.1:39210 (172.18.0.5:2222) [session: 903ec9566aa9]
2026-05-11T20:43:37.271621Z 903ec9566aa9 Remote SSH version: SSH-2.0-OpenSSH_10.2p1 Debian-5
2026-05-11T20:43:37.272799Z 903ec9566aa9 SSH client hassh fingerprint: eeca2460550b9ded084ecf2f70a75356
2026-05-11T20:43:41.082347Z 903ec9566aa9 login attempt [raad/raad22] failed
2026-05-11T20:45:37.290655Z 903ec9566aa9 Connection lost after 120.0 seconds
2026-05-12T12:19:16.195225Z 731ac729f5aa New connection: 172.18.0.1:38606 (172.18.0.6:2222) [session: 731ac729f5aa]
2026-05-12T12:19:16.293896Z 731ac729f5aa Remote SSH version: SSH-2.0-OpenSSH_10.2p1 Debian-5
2026-05-12T12:19:16.402691Z 731ac729f5aa SSH client hassh fingerprint: eeca2460550b9ded084ecf2f70a75356
2026-05-12T12:19:24.573310Z 731ac729f5aa login attempt [hacker/910hackeeer] failed
2026-05-12T12:19:32.245806Z 731ac729f5aa login attempt [hacker/1234567] failed
2026-05-12T12:19:40.183961Z 731ac729f5aa login attempt [hacker/91102004] failed
2026-05-12T12:19:41.242065Z 731ac729f5aa Connection lost after 25.0 seconds
2026-05-12T14:29:20.679343Z f614bf4ed50f New connection: 172.18.0.1:60948 (172.18.0.6:2222) [session: f614bf4ed50f]
2026-05-12T14:29:20.758429Z f614bf4ed50f Remote SSH version: SSH-2.0-OpenSSH_10.2p1 Debian-5
2026-05-12T14:29:20.854964Z f614bf4ed50f SSH client hassh fingerprint: eeca2460550b9ded084ecf2f70a75356
2026-05-12T14:29:26.083714Z f614bf4ed50f login attempt [raad/raad123] succeeded
2026-05-12T14:29:26.257075Z f614bf4ed50f Terminal Size: 235 52
2026-05-12T14:29:26.261782Z f614bf4ed50f request_env: COLORTERM=truecolor
2026-05-12T14:29:26.262193Z f614bf4ed50f request_env: LANG=en_US.UTF-8
2026-05-12T14:29:26.307026Z f614bf4ed50f ()
2026-05-12T14:29:31.187664Z f614bf4ed50f CMD: ls
2026-05-12T14:29:37.275434Z f614bf4ed50f CMD: cd raad
2026-05-12T14:29:45.596228Z f614bf4ed50f CMD: exit
2026-05-12T14:29:45.629051Z f614bf4ed50f Closing TTY Log: var/lib/cowrie/tty/b708dc9c4496dc616eb271cc5ed62b96b8e9e58f0e0c06671c5de525a2d290c8 after 19.4 seconds
2026-05-12T14:29:45.640981Z f614bf4ed50f Connection lost after 24.9 seconds
2026-05-12T14:30:19.701665Z d2849b7cdf8f New connection: 172.18.0.1:39478 (172.18.0.6:2222) [session: d2849b7cdf8f]
2026-05-12T14:30:19.703582Z d2849b7cdf8f Remote SSH version: SSH-2.0-OpenSSH_10.2p1 Debian-5
2026-05-12T14:30:19.715346Z d2849b7cdf8f SSH client hassh fingerprint: eeca2460550b9ded084ecf2f70a75356
2026-05-12T14:30:25.485066Z d2849b7cdf8f login attempt [raad/910raad200] failed
2026-05-12T14:30:31.468727Z d2849b7cdf8f login attempt [raad/raad123] succeeded
2026-05-12T14:30:31.511964Z d2849b7cdf8f Terminal Size: 235 52
2026-05-12T14:30:31.512867Z d2849b7cdf8f request_env: COLORTERM=truecolor
2026-05-12T14:30:31.513318Z d2849b7cdf8f request_env: LANG=en_US.UTF-8
2026-05-12T14:30:31.518666Z d2849b7cdf8f ()
2026-05-12T14:30:34.707196Z d2849b7cdf8f CMD: ls
2026-05-12T14:30:42.647067Z d2849b7cdf8f CMD: pwd
2026-05-12T14:30:46.846779Z d2849b7cdf8f CMD: clear
2026-05-12T14:30:52.059692Z d2849b7cdf8f CMD: exit
2026-05-12T14:30:52.062655Z d2849b7cdf8f Closing TTY Log: var/lib/cowrie/tty/7cc961b21127a2c815a8f39f4d35730d3f5a725534746382473acbd1878f9941 after 20.5 seconds
2026-05-12T14:30:52.065394Z d2849b7cdf8f Connection lost after 32.4 seconds
